<?xml version="1.0" encoding="UTF-8"?>
<testsuite name="AppTest" tests="7" skipped="0" failures="0" errors="0" timestamp="2016-02-10T19:41:04" hostname="epicodus-59.local" time="0.03">
  <properties/>
  <testcase name="defineWinner_playerOneWins" classname="AppTest" time="0.003"/>
  <testcase name="defineWinner_playerTwoWins" classname="AppTest" time="0.0"/>
  <testcase name="checkWinner_scissorsBeatsPaper_true" classname="AppTest" time="0.001"/>
  <testcase name="checkWinner_rockBeatsScissors_true" classname="AppTest" time="0.0"/>
  <testcase name="defineWinner_draw" classname="AppTest" time="0.0"/>
  <testcase name="computerChooses_shouldBeAString_true" classname="AppTest" time="0.0"/>
  <testcase name="checkWinner_paperBeatsRock_true" classname="AppTest" time="0.001"/>
  <system-out><![CDATA[]]></system-out>
  <system-err><![CDATA[[Thread-4] INFO spark.webserver.SparkServer - == Spark has ignited ...
[Thread-4] INFO spark.webserver.SparkServer - >> Listening on 0.0.0.0:4567
[Thread-4] INFO org.eclipse.jetty.server.Server - jetty-9.0.2.v20130417
[Thread-4] INFO org.eclipse.jetty.server.ServerConnector - Started ServerConnector@52013c23{HTTP/1.1}{0.0.0.0:4567}
[Test worker] INFO spark.webserver.SparkServer - >>> Spark shutting down ...
[Test worker] INFO org.eclipse.jetty.server.Server - Graceful shutdown org.eclipse.jetty.server.Server@77febf83 by 
[Test worker] INFO org.eclipse.jetty.server.ServerConnector - Stopped ServerConnector@52013c23{HTTP/1.1}{0.0.0.0:4567}
[Test worker] INFO spark.webserver.SparkServer - done
]]></system-err>
</testsuite>
