<?xml version="1.0" encoding="UTF-8"?>
<testsuite name="AppTest" tests="2" skipped="0" failures="0" errors="0" timestamp="2016-02-10T17:18:44" hostname="epicodus-59.local" time="0.009">
  <properties/>
  <testcase name="checkWinner_scissorsBeatsPaper_true" classname="AppTest" time="0.003"/>
  <testcase name="checkWinner_rockBeatsScissors_true" classname="AppTest" time="0.0"/>
  <system-out><![CDATA[]]></system-out>
  <system-err><![CDATA[]]></system-err>
</testsuite>
